<?xml version="1.0" encoding="UTF-8"?>
<!-- Generated by org.testng.reporters.JUnitXMLReporter -->
<testsuite ignored="0" hostname="Monicas-MacBook-Pro.local" failures="0" tests="1" name="Test" time="0.093" errors="0" timestamp="2022-07-28T15:07:18 CST">
  <testcase classname="Test_Scenarios.BaseTest" name="@BeforeClass InitialSetUp" time="-1.659042433074E9">
    <failure type="org.testng.TestNGException" message="
Parameter &amp;apos;Browser&amp;apos; is required by BeforeClass on method InitialSetUp but has not been marked @Optional or defined
in /Users/monicazuniga/Documents/ProyectoTesting/testng.xml">
      <![CDATA[org.testng.TestNGException: 
Parameter 'Browser' is required by BeforeClass on method InitialSetUp but has not been marked @Optional or defined
in /Users/monicazuniga/Documents/ProyectoTesting/testng.xml
at java.base/java.util.concurrent.ThreadPoolExecutor.runWorker(ThreadPoolExecutor.java:1136)
at java.base/java.util.concurrent.ThreadPoolExecutor$Worker.run(ThreadPoolExecutor.java:635)
at java.base/java.lang.Thread.run(Thread.java:833)
... Removed 7 stack frames]]>
    </failure>
  </testcase> <!-- @BeforeClass InitialSetUp -->
  <testcase classname="Test_Scenarios.TestFiltrarProductosPorMarca_Escenario1" name="@BeforeMethod methodLevelSetUp" time="0.0">
    <skipped/>
  </testcase> <!-- @BeforeMethod methodLevelSetUp -->
  <testcase classname="Test_Scenarios.BaseTest" name="@AfterClass teardown" time="0.0">
    <skipped/>
  </testcase> <!-- @AfterClass teardown -->
  <testcase classname="Test_Scenarios.TestFiltrarProductosPorMarca_Escenario1" name="testEscenario1" time="0.0">
    <skipped/>
  </testcase> <!-- testEscenario1 -->
</testsuite> <!-- Test -->
