<?xml version="1.0" encoding="UTF-8"?>
<!-- Generated by org.testng.reporters.JUnitXMLReporter -->
<testsuite ignored="0" hostname="DESKTOP-O4NGOOU" failures="0" tests="1" name="TestAgregarProductoAlCarrito" time="0.009" errors="0" timestamp="2022-08-06T20:56:05 CST">
  <testcase classname="Test_Scenarios.BaseTest" name="@BeforeClass InitialSetUp" time="0.001">
    <failure type="java.lang.IllegalStateException" message="The driver executable must exist: C:\Users\Yozzco\Documents\chromedriver.exe">
      <![CDATA[java.lang.IllegalStateException: The driver executable must exist: C:\Users\Yozzco\Documents\chromedriver.exe
at org.openqa.selenium.internal.Require$FileStateChecker.isFile(Require.java:342)
at org.openqa.selenium.remote.service.DriverService.checkExecutable(DriverService.java:147)
at org.openqa.selenium.remote.service.DriverService.findExecutable(DriverService.java:142)
at org.openqa.selenium.chrome.ChromeDriverService.access$000(ChromeDriverService.java:39)
at org.openqa.selenium.chrome.ChromeDriverService$Builder.findDefaultExecutable(ChromeDriverService.java:233)
at org.openqa.selenium.remote.service.DriverService$Builder.build(DriverService.java:437)
at org.openqa.selenium.chrome.ChromeDriverService.createServiceWithConfig(ChromeDriverService.java:142)
at org.openqa.selenium.chrome.ChromeDriver.<init>(ChromeDriver.java:70)
at Test_Scenarios.BaseTest.InitialSetUp(BaseTest.java:30)
at java.base/java.util.ArrayList.forEach(ArrayList.java:1541)
... Removed 25 stack frames]]>
    </failure>
  </testcase> <!-- @BeforeClass InitialSetUp -->
  <testcase classname="Test_Scenarios.Integracion.TestAgregarProductoAlCarrito" name="@BeforeMethod methodLevelSetUp" time="0.0">
    <skipped/>
  </testcase> <!-- @BeforeMethod methodLevelSetUp -->
  <testcase classname="Test_Scenarios.BaseTest" name="@AfterClass teardown" time="0.0">
    <skipped/>
  </testcase> <!-- @AfterClass teardown -->
  <testcase classname="Test_Scenarios.Integracion.TestAgregarProductoAlCarrito" name="FirstTest" time="0.0">
    <skipped/>
  </testcase> <!-- FirstTest -->
</testsuite> <!-- TestAgregarProductoAlCarrito -->
