<!DOCTYPE html PUBLIC "-//W3C//DTD XHTML 1.1//EN" "https://www.w3.org/TR/xhtml11/DTD/xhtml11.dtd">
<html xmlns="https://www.w3.org/1999/xhtml">
<head>
<meta http-equiv="content-type" content="text/html; charset=UTF-8"/>
<title>TestNG Report</title>
<style type="text/css">table {margin-bottom:10px;border-collapse:collapse;empty-cells:show}th,td {border:1px solid #009;padding:.25em .5em}th {vertical-align:bottom}td {vertical-align:top}table a {font-weight:bold}.stripe td {background-color: #E6EBF9}.num {text-align:right}.passedodd td {background-color: #3F3}.passedeven td {background-color: #0A0}.skippedodd td {background-color: #DDD}.skippedeven td {background-color: #CCC}.failedodd td,.attn {background-color: #F33}.failedeven td,.stripe .attn {background-color: #D00}.stacktrace {white-space:pre;font-family:monospace}.totop {font-size:85%;text-align:center;border-bottom:2px solid #000}.invisible {display:none}</style>
</head>
<body>
<table>
<tr><th>Test</th><th># Passed</th><th># Skipped</th><th># Retried</th><th># Failed</th><th>Time (ms)</th><th>Included Groups</th><th>Excluded Groups</th></tr>
<tr><th colspan="8">Suite</th></tr>
<tr><td><a href="#t0">testInicioSesionIncorrecto</a></td><td class="num">0</td><td class="num attn">1</td><td class="num">0</td><td class="num">0</td><td class="num">89</td><td></td><td></td></tr>
<tr class="stripe"><td><a href="#t1">TestBusquedaProducto_Escenario1</a></td><td class="num">0</td><td class="num attn">1</td><td class="num">0</td><td class="num">0</td><td class="num">10</td><td></td><td></td></tr>
<tr><td><a href="#t2">TestFiltroProductosPorMarca</a></td><td class="num">0</td><td class="num attn">1</td><td class="num">0</td><td class="num">0</td><td class="num">10</td><td></td><td></td></tr>
<tr class="stripe"><td><a href="#t3">TestOrdenarProductosMayorAMenor</a></td><td class="num">0</td><td class="num attn">1</td><td class="num">0</td><td class="num">0</td><td class="num">8</td><td></td><td></td></tr>
<tr><td><a href="#t4">TestAgregarProductoAlCarrito</a></td><td class="num">0</td><td class="num attn">1</td><td class="num">0</td><td class="num">0</td><td class="num">9</td><td></td><td></td></tr>
<tr class="stripe"><td><a href="#t5">TestVaciarCarritoCompras</a></td><td class="num">0</td><td class="num attn">1</td><td class="num">0</td><td class="num">0</td><td class="num">10</td><td></td><td></td></tr>
<tr><td><a href="#t6">TestGuardarCarritoComoLista</a></td><td class="num">0</td><td class="num attn">1</td><td class="num">0</td><td class="num">0</td><td class="num">11</td><td></td><td></td></tr>
<tr class="stripe"><td><a href="#t7">TestAbrirSeccionInicioSesion</a></td><td class="num">0</td><td class="num attn">1</td><td class="num">0</td><td class="num">0</td><td class="num">7</td><td></td><td></td></tr>
<tr><td><a href="#t8">TestAbrirSeccionRecetas</a></td><td class="num">0</td><td class="num attn">1</td><td class="num">0</td><td class="num">0</td><td class="num">10</td><td></td><td></td></tr>
<tr class="stripe"><td><a href="#t9">TestConfirmarInicioSesion</a></td><td class="num">0</td><td class="num attn">1</td><td class="num">0</td><td class="num">0</td><td class="num">8</td><td></td><td></td></tr>
<tr><th>Total</th><th class="num">0</th><th class="num attn">10</th><th class="num">0</th><th class="num">0</th><th class="num">172</th><th colspan="2"></th></tr>
</table>
<table id='summary'><thead><tr><th>Class</th><th>Method</th><th>Start</th><th>Time (ms)</th></tr></thead><tbody><tr><th colspan="4">Suite</th></tr></tbody><tbody id="t0"><tr><th colspan="4">testInicioSesionIncorrecto &#8212; failed (configuration methods)</th></tr><tr class="failedeven"><td rowspan="1">Test_Scenarios.Humo.TestValidacionesInicioSesion</td><td><a href="#m0">InitialSetUp</a></td><td rowspan="1">1659840964840</td><td rowspan="1">43</td></tr><tr><th colspan="4">testInicioSesionIncorrecto &#8212; skipped (configuration methods)</th></tr><tr class="skippedeven"><td rowspan="2">Test_Scenarios.Humo.TestValidacionesInicioSesion</td><td><a href="#m1">methodLevelSetUp</a></td><td rowspan="1">1659840964895</td><td rowspan="1">0</td></tr><tr class="skippedeven"><td><a href="#m2">teardown</a></td><td rowspan="1">1659840964903</td><td rowspan="1">0</td></tr><tr><th colspan="4">testInicioSesionIncorrecto &#8212; skipped</th></tr><tr class="skippedeven"><td rowspan="1">Test_Scenarios.Humo.TestValidacionesInicioSesion</td><td><a href="#m3">testEscenario1</a></td><td rowspan="1">1659840964899</td><td rowspan="1">0</td></tr></tbody>
<tbody id="t1"><tr><th colspan="4">TestBusquedaProducto_Escenario1 &#8212; failed (configuration methods)</th></tr><tr class="failedeven"><td rowspan="1">Test_Scenarios.Funcionales.TestBuscarProducto</td><td><a href="#m4">InitialSetUp</a></td><td rowspan="1">1659840964955</td><td rowspan="1">1</td></tr><tr><th colspan="4">TestBusquedaProducto_Escenario1 &#8212; skipped (configuration methods)</th></tr><tr class="skippedeven"><td rowspan="2">Test_Scenarios.Funcionales.TestBuscarProducto</td><td><a href="#m5">methodLevelSetUp</a></td><td rowspan="1">1659840964959</td><td rowspan="1">0</td></tr><tr class="skippedeven"><td><a href="#m6">teardown</a></td><td rowspan="1">1659840964962</td><td rowspan="1">0</td></tr><tr><th colspan="4">TestBusquedaProducto_Escenario1 &#8212; skipped</th></tr><tr class="skippedeven"><td rowspan="1">Test_Scenarios.Funcionales.TestBuscarProducto</td><td><a href="#m7">testEscenario1</a></td><td rowspan="1">1659840964960</td><td rowspan="1">0</td></tr></tbody>
<tbody id="t2"><tr><th colspan="4">TestFiltroProductosPorMarca &#8212; failed (configuration methods)</th></tr><tr class="failedeven"><td rowspan="1">Test_Scenarios.Funcionales.TestFiltrarProductosPorMarca</td><td><a href="#m8">InitialSetUp</a></td><td rowspan="1">1659840964971</td><td rowspan="1">1</td></tr><tr><th colspan="4">TestFiltroProductosPorMarca &#8212; skipped (configuration methods)</th></tr><tr class="skippedeven"><td rowspan="2">Test_Scenarios.Funcionales.TestFiltrarProductosPorMarca</td><td><a href="#m9">methodLevelSetUp</a></td><td rowspan="1">1659840964975</td><td rowspan="1">0</td></tr><tr class="skippedeven"><td><a href="#m10">teardown</a></td><td rowspan="1">1659840964979</td><td rowspan="1">0</td></tr><tr><th colspan="4">TestFiltroProductosPorMarca &#8212; skipped</th></tr><tr class="skippedeven"><td rowspan="1">Test_Scenarios.Funcionales.TestFiltrarProductosPorMarca</td><td><a href="#m11">testEscenario1</a></td><td rowspan="1">1659840964977</td><td rowspan="1">0</td></tr></tbody>
<tbody id="t3"><tr><th colspan="4">TestOrdenarProductosMayorAMenor &#8212; failed (configuration methods)</th></tr><tr class="failedeven"><td rowspan="1">Test_Scenarios.Funcionales.TestOrdenarProductosMayorAMenor</td><td><a href="#m12">InitialSetUp</a></td><td rowspan="1">1659840964988</td><td rowspan="1">1</td></tr><tr><th colspan="4">TestOrdenarProductosMayorAMenor &#8212; skipped (configuration methods)</th></tr><tr class="skippedeven"><td rowspan="2">Test_Scenarios.Funcionales.TestOrdenarProductosMayorAMenor</td><td><a href="#m13">methodLevelSetUp</a></td><td rowspan="1">1659840964992</td><td rowspan="1">0</td></tr><tr class="skippedeven"><td><a href="#m14">teardown</a></td><td rowspan="1">1659840964994</td><td rowspan="1">0</td></tr><tr><th colspan="4">TestOrdenarProductosMayorAMenor &#8212; skipped</th></tr><tr class="skippedeven"><td rowspan="1">Test_Scenarios.Funcionales.TestOrdenarProductosMayorAMenor</td><td><a href="#m15">testEscenario1</a></td><td rowspan="1">1659840964993</td><td rowspan="1">0</td></tr></tbody>
<tbody id="t4"><tr><th colspan="4">TestAgregarProductoAlCarrito &#8212; failed (configuration methods)</th></tr><tr class="failedeven"><td rowspan="1">Test_Scenarios.Integracion.TestAgregarProductoAlCarrito</td><td><a href="#m16">InitialSetUp</a></td><td rowspan="1">1659840965000</td><td rowspan="1">1</td></tr><tr><th colspan="4">TestAgregarProductoAlCarrito &#8212; skipped (configuration methods)</th></tr><tr class="skippedeven"><td rowspan="2">Test_Scenarios.Integracion.TestAgregarProductoAlCarrito</td><td><a href="#m17">methodLevelSetUp</a></td><td rowspan="1">1659840965003</td><td rowspan="1">0</td></tr><tr class="skippedeven"><td><a href="#m18">teardown</a></td><td rowspan="1">1659840965007</td><td rowspan="1">0</td></tr><tr><th colspan="4">TestAgregarProductoAlCarrito &#8212; skipped</th></tr><tr class="skippedeven"><td rowspan="1">Test_Scenarios.Integracion.TestAgregarProductoAlCarrito</td><td><a href="#m19">FirstTest</a></td><td rowspan="1">1659840965005</td><td rowspan="1">0</td></tr></tbody>
<tbody id="t5"><tr><th colspan="4">TestVaciarCarritoCompras &#8212; failed (configuration methods)</th></tr><tr class="failedeven"><td rowspan="1">Test_Scenarios.Integracion.TestVaciarCarritoCompras</td><td><a href="#m20">InitialSetUp</a></td><td rowspan="1">1659840965017</td><td rowspan="1">1</td></tr><tr><th colspan="4">TestVaciarCarritoCompras &#8212; skipped (configuration methods)</th></tr><tr class="skippedeven"><td rowspan="2">Test_Scenarios.Integracion.TestVaciarCarritoCompras</td><td><a href="#m21">methodLevelSetUp</a></td><td rowspan="1">1659840965021</td><td rowspan="1">0</td></tr><tr class="skippedeven"><td><a href="#m22">teardown</a></td><td rowspan="1">1659840965024</td><td rowspan="1">0</td></tr><tr><th colspan="4">TestVaciarCarritoCompras &#8212; skipped</th></tr><tr class="skippedeven"><td rowspan="1">Test_Scenarios.Integracion.TestVaciarCarritoCompras</td><td><a href="#m23">VaciarCarritoDeCompras</a></td><td rowspan="1">1659840965022</td><td rowspan="1">0</td></tr></tbody>
<tbody id="t6"><tr><th colspan="4">TestGuardarCarritoComoLista &#8212; failed (configuration methods)</th></tr><tr class="failedeven"><td rowspan="1">Test_Scenarios.Integracion.TestGuardarCarritoComoLista</td><td><a href="#m24">InitialSetUp</a></td><td rowspan="1">1659840965032</td><td rowspan="1">2</td></tr><tr><th colspan="4">TestGuardarCarritoComoLista &#8212; skipped (configuration methods)</th></tr><tr class="skippedeven"><td rowspan="2">Test_Scenarios.Integracion.TestGuardarCarritoComoLista</td><td><a href="#m25">methodLevelSetUp</a></td><td rowspan="1">1659840965037</td><td rowspan="1">0</td></tr><tr class="skippedeven"><td><a href="#m26">teardown</a></td><td rowspan="1">1659840965041</td><td rowspan="1">0</td></tr><tr><th colspan="4">TestGuardarCarritoComoLista &#8212; skipped</th></tr><tr class="skippedeven"><td rowspan="1">Test_Scenarios.Integracion.TestGuardarCarritoComoLista</td><td><a href="#m27">GuardarCarritoComoLista</a></td><td rowspan="1">1659840965039</td><td rowspan="1">0</td></tr></tbody>
<tbody id="t7"><tr><th colspan="4">TestAbrirSeccionInicioSesion &#8212; failed (configuration methods)</th></tr><tr class="failedeven"><td rowspan="1">Test_Scenarios.Unitarios.TestAbrirSeccionInicioSesion</td><td><a href="#m28">InitialSetUp</a></td><td rowspan="1">1659840965048</td><td rowspan="1">1</td></tr><tr><th colspan="4">TestAbrirSeccionInicioSesion &#8212; skipped (configuration methods)</th></tr><tr class="skippedeven"><td rowspan="2">Test_Scenarios.Unitarios.TestAbrirSeccionInicioSesion</td><td><a href="#m29">SetUp</a></td><td rowspan="1">1659840965051</td><td rowspan="1">0</td></tr><tr class="skippedeven"><td><a href="#m30">teardown</a></td><td rowspan="1">1659840965054</td><td rowspan="1">0</td></tr><tr><th colspan="4">TestAbrirSeccionInicioSesion &#8212; skipped</th></tr><tr class="skippedeven"><td rowspan="1">Test_Scenarios.Unitarios.TestAbrirSeccionInicioSesion</td><td><a href="#m31">TestRecetas</a></td><td rowspan="1">1659840965052</td><td rowspan="1">0</td></tr></tbody>
<tbody id="t8"><tr><th colspan="4">TestAbrirSeccionRecetas &#8212; failed (configuration methods)</th></tr><tr class="failedeven"><td rowspan="1">Test_Scenarios.Unitarios.TestAbrirSeccionRecetas</td><td><a href="#m32">InitialSetUp</a></td><td rowspan="1">1659840965061</td><td rowspan="1">1</td></tr><tr><th colspan="4">TestAbrirSeccionRecetas &#8212; skipped (configuration methods)</th></tr><tr class="skippedeven"><td rowspan="2">Test_Scenarios.Unitarios.TestAbrirSeccionRecetas</td><td><a href="#m33">SetUp</a></td><td rowspan="1">1659840965065</td><td rowspan="1">0</td></tr><tr class="skippedeven"><td><a href="#m34">teardown</a></td><td rowspan="1">1659840965068</td><td rowspan="1">0</td></tr><tr><th colspan="4">TestAbrirSeccionRecetas &#8212; skipped</th></tr><tr class="skippedeven"><td rowspan="1">Test_Scenarios.Unitarios.TestAbrirSeccionRecetas</td><td><a href="#m35">TestRecetas</a></td><td rowspan="1">1659840965066</td><td rowspan="1">0</td></tr></tbody>
<tbody id="t9"><tr><th colspan="4">TestConfirmarInicioSesion &#8212; failed (configuration methods)</th></tr><tr class="failedeven"><td rowspan="1">Test_Scenarios.Unitarios.TestConfirmarInicioSesion</td><td><a href="#m36">InitialSetUp</a></td><td rowspan="1">1659840965079</td><td rowspan="1">2</td></tr><tr><th colspan="4">TestConfirmarInicioSesion &#8212; skipped (configuration methods)</th></tr><tr class="skippedeven"><td rowspan="2">Test_Scenarios.Unitarios.TestConfirmarInicioSesion</td><td><a href="#m37">methodLevelSetUp</a></td><td rowspan="1">1659840965083</td><td rowspan="1">0</td></tr><tr class="skippedeven"><td><a href="#m38">teardown</a></td><td rowspan="1">1659840965085</td><td rowspan="1">0</td></tr><tr><th colspan="4">TestConfirmarInicioSesion &#8212; skipped</th></tr><tr class="skippedeven"><td rowspan="1">Test_Scenarios.Unitarios.TestConfirmarInicioSesion</td><td><a href="#m39">ConfirmationTest</a></td><td rowspan="1">1659840965084</td><td rowspan="1">0</td></tr></tbody>
</table>
<h2>testInicioSesionIncorrecto</h2><h3 id="m0">Test_Scenarios.Humo.TestValidacionesInicioSesion#InitialSetUp</h3><table class="result"><tr class="param"><th>Parameter #1</th><th>Parameter #2</th></tr><tr class="param stripe"><td>Chrome</td><td>https://www.automercado.cr/</td></tr><tr><th colspan="2">Exception</th></tr><tr><td colspan="2"><div class="stacktrace">java.lang.IllegalStateException: The driver executable must exist: C:\Users\Yozzco\Documents\chromedriver.exe
	at org.openqa.selenium.internal.Require$FileStateChecker.isFile(Require.java:342)
	at org.openqa.selenium.remote.service.DriverService.checkExecutable(DriverService.java:147)
	at org.openqa.selenium.remote.service.DriverService.findExecutable(DriverService.java:142)
	at org.openqa.selenium.chrome.ChromeDriverService.access$000(ChromeDriverService.java:39)
	at org.openqa.selenium.chrome.ChromeDriverService$Builder.findDefaultExecutable(ChromeDriverService.java:233)
	at org.openqa.selenium.remote.service.DriverService$Builder.build(DriverService.java:437)
	at org.openqa.selenium.chrome.ChromeDriverService.createServiceWithConfig(ChromeDriverService.java:142)
	at org.openqa.selenium.chrome.ChromeDriver.&lt;init&gt;(ChromeDriver.java:70)
	at Test_Scenarios.BaseTest.InitialSetUp(BaseTest.java:30)
	at java.base/java.util.ArrayList.forEach(ArrayList.java:1541)
... Removed 25 stack frames</div></td></tr></table><p class="totop"><a href="#summary">back to summary</a></p>
<h3 id="m1">Test_Scenarios.Humo.TestValidacionesInicioSesion#methodLevelSetUp</h3><table class="result"><tr><th class="invisible"/></tr></table><p class="totop"><a href="#summary">back to summary</a></p>
<h3 id="m2">Test_Scenarios.Humo.TestValidacionesInicioSesion#teardown</h3><table class="result"><tr><th class="invisible"/></tr></table><p class="totop"><a href="#summary">back to summary</a></p>
<h3 id="m3">Test_Scenarios.Humo.TestValidacionesInicioSesion#testEscenario1</h3><table class="result"><tr><th>Exception</th></tr><tr><td><div class="stacktrace">java.lang.IllegalStateException: The driver executable must exist: C:\Users\Yozzco\Documents\chromedriver.exe
	at org.openqa.selenium.internal.Require$FileStateChecker.isFile(Require.java:342)
	at org.openqa.selenium.remote.service.DriverService.checkExecutable(DriverService.java:147)
	at org.openqa.selenium.remote.service.DriverService.findExecutable(DriverService.java:142)
	at org.openqa.selenium.chrome.ChromeDriverService.access$000(ChromeDriverService.java:39)
	at org.openqa.selenium.chrome.ChromeDriverService$Builder.findDefaultExecutable(ChromeDriverService.java:233)
	at org.openqa.selenium.remote.service.DriverService$Builder.build(DriverService.java:437)
	at org.openqa.selenium.chrome.ChromeDriverService.createServiceWithConfig(ChromeDriverService.java:142)
	at org.openqa.selenium.chrome.ChromeDriver.&lt;init&gt;(ChromeDriver.java:70)
	at Test_Scenarios.BaseTest.InitialSetUp(BaseTest.java:30)
	at java.base/java.util.ArrayList.forEach(ArrayList.java:1541)
... Removed 25 stack frames</div></td></tr></table><p class="totop"><a href="#summary">back to summary</a></p>
<h2>TestBusquedaProducto_Escenario1</h2><h3 id="m4">Test_Scenarios.Funcionales.TestBuscarProducto#InitialSetUp</h3><table class="result"><tr class="param"><th>Parameter #1</th><th>Parameter #2</th></tr><tr class="param stripe"><td>Chrome</td><td>https://www.automercado.cr/</td></tr><tr><th colspan="2">Exception</th></tr><tr><td colspan="2"><div class="stacktrace">java.lang.IllegalStateException: The driver executable must exist: C:\Users\Yozzco\Documents\chromedriver.exe
	at org.openqa.selenium.internal.Require$FileStateChecker.isFile(Require.java:342)
	at org.openqa.selenium.remote.service.DriverService.checkExecutable(DriverService.java:147)
	at org.openqa.selenium.remote.service.DriverService.findExecutable(DriverService.java:142)
	at org.openqa.selenium.chrome.ChromeDriverService.access$000(ChromeDriverService.java:39)
	at org.openqa.selenium.chrome.ChromeDriverService$Builder.findDefaultExecutable(ChromeDriverService.java:233)
	at org.openqa.selenium.remote.service.DriverService$Builder.build(DriverService.java:437)
	at org.openqa.selenium.chrome.ChromeDriverService.createServiceWithConfig(ChromeDriverService.java:142)
	at org.openqa.selenium.chrome.ChromeDriver.&lt;init&gt;(ChromeDriver.java:70)
	at Test_Scenarios.BaseTest.InitialSetUp(BaseTest.java:30)
	at java.base/java.util.ArrayList.forEach(ArrayList.java:1541)
... Removed 25 stack frames</div></td></tr></table><p class="totop"><a href="#summary">back to summary</a></p>
<h3 id="m5">Test_Scenarios.Funcionales.TestBuscarProducto#methodLevelSetUp</h3><table class="result"><tr><th class="invisible"/></tr></table><p class="totop"><a href="#summary">back to summary</a></p>
<h3 id="m6">Test_Scenarios.Funcionales.TestBuscarProducto#teardown</h3><table class="result"><tr><th class="invisible"/></tr></table><p class="totop"><a href="#summary">back to summary</a></p>
<h3 id="m7">Test_Scenarios.Funcionales.TestBuscarProducto#testEscenario1</h3><table class="result"><tr class="param"><th>Parameter #1</th></tr><tr class="param stripe"><td>chocolate</td></tr><tr><th>Exception</th></tr><tr><td><div class="stacktrace">java.lang.IllegalStateException: The driver executable must exist: C:\Users\Yozzco\Documents\chromedriver.exe
	at org.openqa.selenium.internal.Require$FileStateChecker.isFile(Require.java:342)
	at org.openqa.selenium.remote.service.DriverService.checkExecutable(DriverService.java:147)
	at org.openqa.selenium.remote.service.DriverService.findExecutable(DriverService.java:142)
	at org.openqa.selenium.chrome.ChromeDriverService.access$000(ChromeDriverService.java:39)
	at org.openqa.selenium.chrome.ChromeDriverService$Builder.findDefaultExecutable(ChromeDriverService.java:233)
	at org.openqa.selenium.remote.service.DriverService$Builder.build(DriverService.java:437)
	at org.openqa.selenium.chrome.ChromeDriverService.createServiceWithConfig(ChromeDriverService.java:142)
	at org.openqa.selenium.chrome.ChromeDriver.&lt;init&gt;(ChromeDriver.java:70)
	at Test_Scenarios.BaseTest.InitialSetUp(BaseTest.java:30)
	at java.base/java.util.ArrayList.forEach(ArrayList.java:1541)
... Removed 25 stack frames</div></td></tr></table><p class="totop"><a href="#summary">back to summary</a></p>
<h2>TestFiltroProductosPorMarca</h2><h3 id="m8">Test_Scenarios.Funcionales.TestFiltrarProductosPorMarca#InitialSetUp</h3><table class="result"><tr class="param"><th>Parameter #1</th><th>Parameter #2</th></tr><tr class="param stripe"><td>Chrome</td><td>https://www.automercado.cr/</td></tr><tr><th colspan="2">Exception</th></tr><tr><td colspan="2"><div class="stacktrace">java.lang.IllegalStateException: The driver executable must exist: C:\Users\Yozzco\Documents\chromedriver.exe
	at org.openqa.selenium.internal.Require$FileStateChecker.isFile(Require.java:342)
	at org.openqa.selenium.remote.service.DriverService.checkExecutable(DriverService.java:147)
	at org.openqa.selenium.remote.service.DriverService.findExecutable(DriverService.java:142)
	at org.openqa.selenium.chrome.ChromeDriverService.access$000(ChromeDriverService.java:39)
	at org.openqa.selenium.chrome.ChromeDriverService$Builder.findDefaultExecutable(ChromeDriverService.java:233)
	at org.openqa.selenium.remote.service.DriverService$Builder.build(DriverService.java:437)
	at org.openqa.selenium.chrome.ChromeDriverService.createServiceWithConfig(ChromeDriverService.java:142)
	at org.openqa.selenium.chrome.ChromeDriver.&lt;init&gt;(ChromeDriver.java:70)
	at Test_Scenarios.BaseTest.InitialSetUp(BaseTest.java:30)
	at java.base/java.util.ArrayList.forEach(ArrayList.java:1541)
... Removed 25 stack frames</div></td></tr></table><p class="totop"><a href="#summary">back to summary</a></p>
<h3 id="m9">Test_Scenarios.Funcionales.TestFiltrarProductosPorMarca#methodLevelSetUp</h3><table class="result"><tr><th class="invisible"/></tr></table><p class="totop"><a href="#summary">back to summary</a></p>
<h3 id="m10">Test_Scenarios.Funcionales.TestFiltrarProductosPorMarca#teardown</h3><table class="result"><tr><th class="invisible"/></tr></table><p class="totop"><a href="#summary">back to summary</a></p>
<h3 id="m11">Test_Scenarios.Funcionales.TestFiltrarProductosPorMarca#testEscenario1</h3><table class="result"><tr><th>Exception</th></tr><tr><td><div class="stacktrace">java.lang.IllegalStateException: The driver executable must exist: C:\Users\Yozzco\Documents\chromedriver.exe
	at org.openqa.selenium.internal.Require$FileStateChecker.isFile(Require.java:342)
	at org.openqa.selenium.remote.service.DriverService.checkExecutable(DriverService.java:147)
	at org.openqa.selenium.remote.service.DriverService.findExecutable(DriverService.java:142)
	at org.openqa.selenium.chrome.ChromeDriverService.access$000(ChromeDriverService.java:39)
	at org.openqa.selenium.chrome.ChromeDriverService$Builder.findDefaultExecutable(ChromeDriverService.java:233)
	at org.openqa.selenium.remote.service.DriverService$Builder.build(DriverService.java:437)
	at org.openqa.selenium.chrome.ChromeDriverService.createServiceWithConfig(ChromeDriverService.java:142)
	at org.openqa.selenium.chrome.ChromeDriver.&lt;init&gt;(ChromeDriver.java:70)
	at Test_Scenarios.BaseTest.InitialSetUp(BaseTest.java:30)
	at java.base/java.util.ArrayList.forEach(ArrayList.java:1541)
... Removed 25 stack frames</div></td></tr></table><p class="totop"><a href="#summary">back to summary</a></p>
<h2>TestOrdenarProductosMayorAMenor</h2><h3 id="m12">Test_Scenarios.Funcionales.TestOrdenarProductosMayorAMenor#InitialSetUp</h3><table class="result"><tr class="param"><th>Parameter #1</th><th>Parameter #2</th></tr><tr class="param stripe"><td>Chrome</td><td>https://www.automercado.cr/</td></tr><tr><th colspan="2">Exception</th></tr><tr><td colspan="2"><div class="stacktrace">java.lang.IllegalStateException: The driver executable must exist: C:\Users\Yozzco\Documents\chromedriver.exe
	at org.openqa.selenium.internal.Require$FileStateChecker.isFile(Require.java:342)
	at org.openqa.selenium.remote.service.DriverService.checkExecutable(DriverService.java:147)
	at org.openqa.selenium.remote.service.DriverService.findExecutable(DriverService.java:142)
	at org.openqa.selenium.chrome.ChromeDriverService.access$000(ChromeDriverService.java:39)
	at org.openqa.selenium.chrome.ChromeDriverService$Builder.findDefaultExecutable(ChromeDriverService.java:233)
	at org.openqa.selenium.remote.service.DriverService$Builder.build(DriverService.java:437)
	at org.openqa.selenium.chrome.ChromeDriverService.createServiceWithConfig(ChromeDriverService.java:142)
	at org.openqa.selenium.chrome.ChromeDriver.&lt;init&gt;(ChromeDriver.java:70)
	at Test_Scenarios.BaseTest.InitialSetUp(BaseTest.java:30)
	at java.base/java.util.ArrayList.forEach(ArrayList.java:1541)
... Removed 25 stack frames</div></td></tr></table><p class="totop"><a href="#summary">back to summary</a></p>
<h3 id="m13">Test_Scenarios.Funcionales.TestOrdenarProductosMayorAMenor#methodLevelSetUp</h3><table class="result"><tr><th class="invisible"/></tr></table><p class="totop"><a href="#summary">back to summary</a></p>
<h3 id="m14">Test_Scenarios.Funcionales.TestOrdenarProductosMayorAMenor#teardown</h3><table class="result"><tr><th class="invisible"/></tr></table><p class="totop"><a href="#summary">back to summary</a></p>
<h3 id="m15">Test_Scenarios.Funcionales.TestOrdenarProductosMayorAMenor#testEscenario1</h3><table class="result"><tr><th>Exception</th></tr><tr><td><div class="stacktrace">java.lang.IllegalStateException: The driver executable must exist: C:\Users\Yozzco\Documents\chromedriver.exe
	at org.openqa.selenium.internal.Require$FileStateChecker.isFile(Require.java:342)
	at org.openqa.selenium.remote.service.DriverService.checkExecutable(DriverService.java:147)
	at org.openqa.selenium.remote.service.DriverService.findExecutable(DriverService.java:142)
	at org.openqa.selenium.chrome.ChromeDriverService.access$000(ChromeDriverService.java:39)
	at org.openqa.selenium.chrome.ChromeDriverService$Builder.findDefaultExecutable(ChromeDriverService.java:233)
	at org.openqa.selenium.remote.service.DriverService$Builder.build(DriverService.java:437)
	at org.openqa.selenium.chrome.ChromeDriverService.createServiceWithConfig(ChromeDriverService.java:142)
	at org.openqa.selenium.chrome.ChromeDriver.&lt;init&gt;(ChromeDriver.java:70)
	at Test_Scenarios.BaseTest.InitialSetUp(BaseTest.java:30)
	at java.base/java.util.ArrayList.forEach(ArrayList.java:1541)
... Removed 25 stack frames</div></td></tr></table><p class="totop"><a href="#summary">back to summary</a></p>
<h2>TestAgregarProductoAlCarrito</h2><h3 id="m16">Test_Scenarios.Integracion.TestAgregarProductoAlCarrito#InitialSetUp</h3><table class="result"><tr class="param"><th>Parameter #1</th><th>Parameter #2</th></tr><tr class="param stripe"><td>Chrome</td><td>https://www.automercado.cr/</td></tr><tr><th colspan="2">Exception</th></tr><tr><td colspan="2"><div class="stacktrace">java.lang.IllegalStateException: The driver executable must exist: C:\Users\Yozzco\Documents\chromedriver.exe
	at org.openqa.selenium.internal.Require$FileStateChecker.isFile(Require.java:342)
	at org.openqa.selenium.remote.service.DriverService.checkExecutable(DriverService.java:147)
	at org.openqa.selenium.remote.service.DriverService.findExecutable(DriverService.java:142)
	at org.openqa.selenium.chrome.ChromeDriverService.access$000(ChromeDriverService.java:39)
	at org.openqa.selenium.chrome.ChromeDriverService$Builder.findDefaultExecutable(ChromeDriverService.java:233)
	at org.openqa.selenium.remote.service.DriverService$Builder.build(DriverService.java:437)
	at org.openqa.selenium.chrome.ChromeDriverService.createServiceWithConfig(ChromeDriverService.java:142)
	at org.openqa.selenium.chrome.ChromeDriver.&lt;init&gt;(ChromeDriver.java:70)
	at Test_Scenarios.BaseTest.InitialSetUp(BaseTest.java:30)
	at java.base/java.util.ArrayList.forEach(ArrayList.java:1541)
... Removed 25 stack frames</div></td></tr></table><p class="totop"><a href="#summary">back to summary</a></p>
<h3 id="m17">Test_Scenarios.Integracion.TestAgregarProductoAlCarrito#methodLevelSetUp</h3><table class="result"><tr><th class="invisible"/></tr></table><p class="totop"><a href="#summary">back to summary</a></p>
<h3 id="m18">Test_Scenarios.Integracion.TestAgregarProductoAlCarrito#teardown</h3><table class="result"><tr><th class="invisible"/></tr></table><p class="totop"><a href="#summary">back to summary</a></p>
<h3 id="m19">Test_Scenarios.Integracion.TestAgregarProductoAlCarrito#FirstTest</h3><table class="result"><tr class="param"><th>Parameter #1</th><th>Parameter #2</th></tr><tr class="param stripe"><td>CORREO</td><td>CONTRASENA</td></tr><tr><th colspan="2">Exception</th></tr><tr><td colspan="2"><div class="stacktrace">java.lang.IllegalStateException: The driver executable must exist: C:\Users\Yozzco\Documents\chromedriver.exe
	at org.openqa.selenium.internal.Require$FileStateChecker.isFile(Require.java:342)
	at org.openqa.selenium.remote.service.DriverService.checkExecutable(DriverService.java:147)
	at org.openqa.selenium.remote.service.DriverService.findExecutable(DriverService.java:142)
	at org.openqa.selenium.chrome.ChromeDriverService.access$000(ChromeDriverService.java:39)
	at org.openqa.selenium.chrome.ChromeDriverService$Builder.findDefaultExecutable(ChromeDriverService.java:233)
	at org.openqa.selenium.remote.service.DriverService$Builder.build(DriverService.java:437)
	at org.openqa.selenium.chrome.ChromeDriverService.createServiceWithConfig(ChromeDriverService.java:142)
	at org.openqa.selenium.chrome.ChromeDriver.&lt;init&gt;(ChromeDriver.java:70)
	at Test_Scenarios.BaseTest.InitialSetUp(BaseTest.java:30)
	at java.base/java.util.ArrayList.forEach(ArrayList.java:1541)
... Removed 25 stack frames</div></td></tr></table><p class="totop"><a href="#summary">back to summary</a></p>
<h2>TestVaciarCarritoCompras</h2><h3 id="m20">Test_Scenarios.Integracion.TestVaciarCarritoCompras#InitialSetUp</h3><table class="result"><tr class="param"><th>Parameter #1</th><th>Parameter #2</th></tr><tr class="param stripe"><td>Chrome</td><td>https://www.automercado.cr/</td></tr><tr><th colspan="2">Exception</th></tr><tr><td colspan="2"><div class="stacktrace">java.lang.IllegalStateException: The driver executable must exist: C:\Users\Yozzco\Documents\chromedriver.exe
	at org.openqa.selenium.internal.Require$FileStateChecker.isFile(Require.java:342)
	at org.openqa.selenium.remote.service.DriverService.checkExecutable(DriverService.java:147)
	at org.openqa.selenium.remote.service.DriverService.findExecutable(DriverService.java:142)
	at org.openqa.selenium.chrome.ChromeDriverService.access$000(ChromeDriverService.java:39)
	at org.openqa.selenium.chrome.ChromeDriverService$Builder.findDefaultExecutable(ChromeDriverService.java:233)
	at org.openqa.selenium.remote.service.DriverService$Builder.build(DriverService.java:437)
	at org.openqa.selenium.chrome.ChromeDriverService.createServiceWithConfig(ChromeDriverService.java:142)
	at org.openqa.selenium.chrome.ChromeDriver.&lt;init&gt;(ChromeDriver.java:70)
	at Test_Scenarios.BaseTest.InitialSetUp(BaseTest.java:30)
	at java.base/java.util.ArrayList.forEach(ArrayList.java:1541)
... Removed 25 stack frames</div></td></tr></table><p class="totop"><a href="#summary">back to summary</a></p>
<h3 id="m21">Test_Scenarios.Integracion.TestVaciarCarritoCompras#methodLevelSetUp</h3><table class="result"><tr><th class="invisible"/></tr></table><p class="totop"><a href="#summary">back to summary</a></p>
<h3 id="m22">Test_Scenarios.Integracion.TestVaciarCarritoCompras#teardown</h3><table class="result"><tr><th class="invisible"/></tr></table><p class="totop"><a href="#summary">back to summary</a></p>
<h3 id="m23">Test_Scenarios.Integracion.TestVaciarCarritoCompras#VaciarCarritoDeCompras</h3><table class="result"><tr class="param"><th>Parameter #1</th><th>Parameter #2</th></tr><tr class="param stripe"><td>CORREO</td><td>CONTRASENA</td></tr><tr><th colspan="2">Exception</th></tr><tr><td colspan="2"><div class="stacktrace">java.lang.IllegalStateException: The driver executable must exist: C:\Users\Yozzco\Documents\chromedriver.exe
	at org.openqa.selenium.internal.Require$FileStateChecker.isFile(Require.java:342)
	at org.openqa.selenium.remote.service.DriverService.checkExecutable(DriverService.java:147)
	at org.openqa.selenium.remote.service.DriverService.findExecutable(DriverService.java:142)
	at org.openqa.selenium.chrome.ChromeDriverService.access$000(ChromeDriverService.java:39)
	at org.openqa.selenium.chrome.ChromeDriverService$Builder.findDefaultExecutable(ChromeDriverService.java:233)
	at org.openqa.selenium.remote.service.DriverService$Builder.build(DriverService.java:437)
	at org.openqa.selenium.chrome.ChromeDriverService.createServiceWithConfig(ChromeDriverService.java:142)
	at org.openqa.selenium.chrome.ChromeDriver.&lt;init&gt;(ChromeDriver.java:70)
	at Test_Scenarios.BaseTest.InitialSetUp(BaseTest.java:30)
	at java.base/java.util.ArrayList.forEach(ArrayList.java:1541)
... Removed 25 stack frames</div></td></tr></table><p class="totop"><a href="#summary">back to summary</a></p>
<h2>TestGuardarCarritoComoLista</h2><h3 id="m24">Test_Scenarios.Integracion.TestGuardarCarritoComoLista#InitialSetUp</h3><table class="result"><tr class="param"><th>Parameter #1</th><th>Parameter #2</th></tr><tr class="param stripe"><td>Chrome</td><td>https://www.automercado.cr/</td></tr><tr><th colspan="2">Exception</th></tr><tr><td colspan="2"><div class="stacktrace">java.lang.IllegalStateException: The driver executable must exist: C:\Users\Yozzco\Documents\chromedriver.exe
	at org.openqa.selenium.internal.Require$FileStateChecker.isFile(Require.java:342)
	at org.openqa.selenium.remote.service.DriverService.checkExecutable(DriverService.java:147)
	at org.openqa.selenium.remote.service.DriverService.findExecutable(DriverService.java:142)
	at org.openqa.selenium.chrome.ChromeDriverService.access$000(ChromeDriverService.java:39)
	at org.openqa.selenium.chrome.ChromeDriverService$Builder.findDefaultExecutable(ChromeDriverService.java:233)
	at org.openqa.selenium.remote.service.DriverService$Builder.build(DriverService.java:437)
	at org.openqa.selenium.chrome.ChromeDriverService.createServiceWithConfig(ChromeDriverService.java:142)
	at org.openqa.selenium.chrome.ChromeDriver.&lt;init&gt;(ChromeDriver.java:70)
	at Test_Scenarios.BaseTest.InitialSetUp(BaseTest.java:30)
	at java.base/java.util.ArrayList.forEach(ArrayList.java:1541)
... Removed 25 stack frames</div></td></tr></table><p class="totop"><a href="#summary">back to summary</a></p>
<h3 id="m25">Test_Scenarios.Integracion.TestGuardarCarritoComoLista#methodLevelSetUp</h3><table class="result"><tr><th class="invisible"/></tr></table><p class="totop"><a href="#summary">back to summary</a></p>
<h3 id="m26">Test_Scenarios.Integracion.TestGuardarCarritoComoLista#teardown</h3><table class="result"><tr><th class="invisible"/></tr></table><p class="totop"><a href="#summary">back to summary</a></p>
<h3 id="m27">Test_Scenarios.Integracion.TestGuardarCarritoComoLista#GuardarCarritoComoLista</h3><table class="result"><tr class="param"><th>Parameter #1</th><th>Parameter #2</th><th>Parameter #3</th></tr><tr class="param stripe"><td>CORREO</td><td>CONTRASENA</td><td>Lista</td></tr><tr><th colspan="3">Exception</th></tr><tr><td colspan="3"><div class="stacktrace">java.lang.IllegalStateException: The driver executable must exist: C:\Users\Yozzco\Documents\chromedriver.exe
	at org.openqa.selenium.internal.Require$FileStateChecker.isFile(Require.java:342)
	at org.openqa.selenium.remote.service.DriverService.checkExecutable(DriverService.java:147)
	at org.openqa.selenium.remote.service.DriverService.findExecutable(DriverService.java:142)
	at org.openqa.selenium.chrome.ChromeDriverService.access$000(ChromeDriverService.java:39)
	at org.openqa.selenium.chrome.ChromeDriverService$Builder.findDefaultExecutable(ChromeDriverService.java:233)
	at org.openqa.selenium.remote.service.DriverService$Builder.build(DriverService.java:437)
	at org.openqa.selenium.chrome.ChromeDriverService.createServiceWithConfig(ChromeDriverService.java:142)
	at org.openqa.selenium.chrome.ChromeDriver.&lt;init&gt;(ChromeDriver.java:70)
	at Test_Scenarios.BaseTest.InitialSetUp(BaseTest.java:30)
	at java.base/java.util.ArrayList.forEach(ArrayList.java:1541)
... Removed 25 stack frames</div></td></tr></table><p class="totop"><a href="#summary">back to summary</a></p>
<h2>TestAbrirSeccionInicioSesion</h2><h3 id="m28">Test_Scenarios.Unitarios.TestAbrirSeccionInicioSesion#InitialSetUp</h3><table class="result"><tr class="param"><th>Parameter #1</th><th>Parameter #2</th></tr><tr class="param stripe"><td>Chrome</td><td>https://www.automercado.cr/</td></tr><tr><th colspan="2">Exception</th></tr><tr><td colspan="2"><div class="stacktrace">java.lang.IllegalStateException: The driver executable must exist: C:\Users\Yozzco\Documents\chromedriver.exe
	at org.openqa.selenium.internal.Require$FileStateChecker.isFile(Require.java:342)
	at org.openqa.selenium.remote.service.DriverService.checkExecutable(DriverService.java:147)
	at org.openqa.selenium.remote.service.DriverService.findExecutable(DriverService.java:142)
	at org.openqa.selenium.chrome.ChromeDriverService.access$000(ChromeDriverService.java:39)
	at org.openqa.selenium.chrome.ChromeDriverService$Builder.findDefaultExecutable(ChromeDriverService.java:233)
	at org.openqa.selenium.remote.service.DriverService$Builder.build(DriverService.java:437)
	at org.openqa.selenium.chrome.ChromeDriverService.createServiceWithConfig(ChromeDriverService.java:142)
	at org.openqa.selenium.chrome.ChromeDriver.&lt;init&gt;(ChromeDriver.java:70)
	at Test_Scenarios.BaseTest.InitialSetUp(BaseTest.java:30)
	at java.base/java.util.ArrayList.forEach(ArrayList.java:1541)
... Removed 25 stack frames</div></td></tr></table><p class="totop"><a href="#summary">back to summary</a></p>
<h3 id="m29">Test_Scenarios.Unitarios.TestAbrirSeccionInicioSesion#SetUp</h3><table class="result"><tr><th class="invisible"/></tr></table><p class="totop"><a href="#summary">back to summary</a></p>
<h3 id="m30">Test_Scenarios.Unitarios.TestAbrirSeccionInicioSesion#teardown</h3><table class="result"><tr><th class="invisible"/></tr></table><p class="totop"><a href="#summary">back to summary</a></p>
<h3 id="m31">Test_Scenarios.Unitarios.TestAbrirSeccionInicioSesion#TestRecetas</h3><table class="result"><tr><th>Exception</th></tr><tr><td><div class="stacktrace">java.lang.IllegalStateException: The driver executable must exist: C:\Users\Yozzco\Documents\chromedriver.exe
	at org.openqa.selenium.internal.Require$FileStateChecker.isFile(Require.java:342)
	at org.openqa.selenium.remote.service.DriverService.checkExecutable(DriverService.java:147)
	at org.openqa.selenium.remote.service.DriverService.findExecutable(DriverService.java:142)
	at org.openqa.selenium.chrome.ChromeDriverService.access$000(ChromeDriverService.java:39)
	at org.openqa.selenium.chrome.ChromeDriverService$Builder.findDefaultExecutable(ChromeDriverService.java:233)
	at org.openqa.selenium.remote.service.DriverService$Builder.build(DriverService.java:437)
	at org.openqa.selenium.chrome.ChromeDriverService.createServiceWithConfig(ChromeDriverService.java:142)
	at org.openqa.selenium.chrome.ChromeDriver.&lt;init&gt;(ChromeDriver.java:70)
	at Test_Scenarios.BaseTest.InitialSetUp(BaseTest.java:30)
	at java.base/java.util.ArrayList.forEach(ArrayList.java:1541)
... Removed 25 stack frames</div></td></tr></table><p class="totop"><a href="#summary">back to summary</a></p>
<h2>TestAbrirSeccionRecetas</h2><h3 id="m32">Test_Scenarios.Unitarios.TestAbrirSeccionRecetas#InitialSetUp</h3><table class="result"><tr class="param"><th>Parameter #1</th><th>Parameter #2</th></tr><tr class="param stripe"><td>Chrome</td><td>https://www.automercado.cr/</td></tr><tr><th colspan="2">Exception</th></tr><tr><td colspan="2"><div class="stacktrace">java.lang.IllegalStateException: The driver executable must exist: C:\Users\Yozzco\Documents\chromedriver.exe
	at org.openqa.selenium.internal.Require$FileStateChecker.isFile(Require.java:342)
	at org.openqa.selenium.remote.service.DriverService.checkExecutable(DriverService.java:147)
	at org.openqa.selenium.remote.service.DriverService.findExecutable(DriverService.java:142)
	at org.openqa.selenium.chrome.ChromeDriverService.access$000(ChromeDriverService.java:39)
	at org.openqa.selenium.chrome.ChromeDriverService$Builder.findDefaultExecutable(ChromeDriverService.java:233)
	at org.openqa.selenium.remote.service.DriverService$Builder.build(DriverService.java:437)
	at org.openqa.selenium.chrome.ChromeDriverService.createServiceWithConfig(ChromeDriverService.java:142)
	at org.openqa.selenium.chrome.ChromeDriver.&lt;init&gt;(ChromeDriver.java:70)
	at Test_Scenarios.BaseTest.InitialSetUp(BaseTest.java:30)
	at java.base/java.util.ArrayList.forEach(ArrayList.java:1541)
... Removed 25 stack frames</div></td></tr></table><p class="totop"><a href="#summary">back to summary</a></p>
<h3 id="m33">Test_Scenarios.Unitarios.TestAbrirSeccionRecetas#SetUp</h3><table class="result"><tr><th class="invisible"/></tr></table><p class="totop"><a href="#summary">back to summary</a></p>
<h3 id="m34">Test_Scenarios.Unitarios.TestAbrirSeccionRecetas#teardown</h3><table class="result"><tr><th class="invisible"/></tr></table><p class="totop"><a href="#summary">back to summary</a></p>
<h3 id="m35">Test_Scenarios.Unitarios.TestAbrirSeccionRecetas#TestRecetas</h3><table class="result"><tr><th>Exception</th></tr><tr><td><div class="stacktrace">java.lang.IllegalStateException: The driver executable must exist: C:\Users\Yozzco\Documents\chromedriver.exe
	at org.openqa.selenium.internal.Require$FileStateChecker.isFile(Require.java:342)
	at org.openqa.selenium.remote.service.DriverService.checkExecutable(DriverService.java:147)
	at org.openqa.selenium.remote.service.DriverService.findExecutable(DriverService.java:142)
	at org.openqa.selenium.chrome.ChromeDriverService.access$000(ChromeDriverService.java:39)
	at org.openqa.selenium.chrome.ChromeDriverService$Builder.findDefaultExecutable(ChromeDriverService.java:233)
	at org.openqa.selenium.remote.service.DriverService$Builder.build(DriverService.java:437)
	at org.openqa.selenium.chrome.ChromeDriverService.createServiceWithConfig(ChromeDriverService.java:142)
	at org.openqa.selenium.chrome.ChromeDriver.&lt;init&gt;(ChromeDriver.java:70)
	at Test_Scenarios.BaseTest.InitialSetUp(BaseTest.java:30)
	at java.base/java.util.ArrayList.forEach(ArrayList.java:1541)
... Removed 25 stack frames</div></td></tr></table><p class="totop"><a href="#summary">back to summary</a></p>
<h2>TestConfirmarInicioSesion</h2><h3 id="m36">Test_Scenarios.Unitarios.TestConfirmarInicioSesion#InitialSetUp</h3><table class="result"><tr class="param"><th>Parameter #1</th><th>Parameter #2</th></tr><tr class="param stripe"><td>Chrome</td><td>https://www.automercado.cr/</td></tr><tr><th colspan="2">Exception</th></tr><tr><td colspan="2"><div class="stacktrace">java.lang.IllegalStateException: The driver executable must exist: C:\Users\Yozzco\Documents\chromedriver.exe
	at org.openqa.selenium.internal.Require$FileStateChecker.isFile(Require.java:342)
	at org.openqa.selenium.remote.service.DriverService.checkExecutable(DriverService.java:147)
	at org.openqa.selenium.remote.service.DriverService.findExecutable(DriverService.java:142)
	at org.openqa.selenium.chrome.ChromeDriverService.access$000(ChromeDriverService.java:39)
	at org.openqa.selenium.chrome.ChromeDriverService$Builder.findDefaultExecutable(ChromeDriverService.java:233)
	at org.openqa.selenium.remote.service.DriverService$Builder.build(DriverService.java:437)
	at org.openqa.selenium.chrome.ChromeDriverService.createServiceWithConfig(ChromeDriverService.java:142)
	at org.openqa.selenium.chrome.ChromeDriver.&lt;init&gt;(ChromeDriver.java:70)
	at Test_Scenarios.BaseTest.InitialSetUp(BaseTest.java:30)
	at java.base/java.util.ArrayList.forEach(ArrayList.java:1541)
... Removed 25 stack frames</div></td></tr></table><p class="totop"><a href="#summary">back to summary</a></p>
<h3 id="m37">Test_Scenarios.Unitarios.TestConfirmarInicioSesion#methodLevelSetUp</h3><table class="result"><tr><th class="invisible"/></tr></table><p class="totop"><a href="#summary">back to summary</a></p>
<h3 id="m38">Test_Scenarios.Unitarios.TestConfirmarInicioSesion#teardown</h3><table class="result"><tr><th class="invisible"/></tr></table><p class="totop"><a href="#summary">back to summary</a></p>
<h3 id="m39">Test_Scenarios.Unitarios.TestConfirmarInicioSesion#ConfirmationTest</h3><table class="result"><tr class="param"><th>Parameter #1</th><th>Parameter #2</th></tr><tr class="param stripe"><td>CORREO</td><td>CONTRASENA</td></tr><tr><th colspan="2">Exception</th></tr><tr><td colspan="2"><div class="stacktrace">java.lang.IllegalStateException: The driver executable must exist: C:\Users\Yozzco\Documents\chromedriver.exe
	at org.openqa.selenium.internal.Require$FileStateChecker.isFile(Require.java:342)
	at org.openqa.selenium.remote.service.DriverService.checkExecutable(DriverService.java:147)
	at org.openqa.selenium.remote.service.DriverService.findExecutable(DriverService.java:142)
	at org.openqa.selenium.chrome.ChromeDriverService.access$000(ChromeDriverService.java:39)
	at org.openqa.selenium.chrome.ChromeDriverService$Builder.findDefaultExecutable(ChromeDriverService.java:233)
	at org.openqa.selenium.remote.service.DriverService$Builder.build(DriverService.java:437)
	at org.openqa.selenium.chrome.ChromeDriverService.createServiceWithConfig(ChromeDriverService.java:142)
	at org.openqa.selenium.chrome.ChromeDriver.&lt;init&gt;(ChromeDriver.java:70)
	at Test_Scenarios.BaseTest.InitialSetUp(BaseTest.java:30)
	at java.base/java.util.ArrayList.forEach(ArrayList.java:1541)
... Removed 25 stack frames</div></td></tr></table><p class="totop"><a href="#summary">back to summary</a></p>
</body>
</html>
