<?xml version="1.0" encoding="UTF-8"?>
<!-- Generated by org.testng.reporters.JUnitReportReporter -->
<testsuite hostname="Monicas-MacBook-Pro.local" failures="0" tests="2" name="Test_Scenarios.Test_ProductosPorPrecio_Escenario1" time="-1659041792.000" errors="1" timestamp="2022-07-28T14:55:40 CST" skipped="1">
  <testcase classname="Test_Scenarios.Test_ProductosPorPrecio_Escenario1" name="InitialSetUp" time="-1659041792.000">
    <error message="
Parameter &#039;Browser&#039; is required by BeforeClass on method InitialSetUp but has not been marked @Optional or defined
in /private/var/folders/mb/_nx0yvwn58z4qn4skbj030180000gn/T/testng-eclipse-550853394/testng-customsuite.xml" type="org.testng.TestNGException">
      <![CDATA[org.testng.TestNGException: 
Parameter 'Browser' is required by BeforeClass on method InitialSetUp but has not been marked @Optional or defined
in /private/var/folders/mb/_nx0yvwn58z4qn4skbj030180000gn/T/testng-eclipse-550853394/testng-customsuite.xml
at org.testng.internal.Parameters.createParams(Parameters.java:267)
at org.testng.internal.Parameters.createParametersForMethod(Parameters.java:355)
at org.testng.internal.Parameters.createParameters(Parameters.java:684)
at org.testng.internal.Parameters.createConfigurationParameters(Parameters.java:166)
at org.testng.internal.invokers.ConfigInvoker.invokeConfigurations(ConfigInvoker.java:277)
at org.testng.internal.invokers.TestMethodWorker.invokeBeforeClassMethods(TestMethodWorker.java:180)
at org.testng.internal.invokers.TestMethodWorker.run(TestMethodWorker.java:122)
at java.base/java.util.ArrayList.forEach(ArrayList.java:1511)
at org.testng.TestRunner.privateRun(TestRunner.java:806)
at org.testng.TestRunner.run(TestRunner.java:601)
at org.testng.SuiteRunner.runTest(SuiteRunner.java:433)
at org.testng.SuiteRunner.runSequentially(SuiteRunner.java:427)
at org.testng.SuiteRunner.privateRun(SuiteRunner.java:387)
at org.testng.SuiteRunner.run(SuiteRunner.java:330)
at org.testng.SuiteRunnerWorker.runSuite(SuiteRunnerWorker.java:52)
at org.testng.SuiteRunnerWorker.run(SuiteRunnerWorker.java:95)
at org.testng.TestNG.runSuitesSequentially(TestNG.java:1256)
at org.testng.TestNG.runSuitesLocally(TestNG.java:1176)
at org.testng.TestNG.runSuites(TestNG.java:1099)
at org.testng.TestNG.run(TestNG.java:1067)
at org.testng.remote.AbstractRemoteTestNG.run(AbstractRemoteTestNG.java:115)
at org.testng.remote.RemoteTestNG.initAndRun(RemoteTestNG.java:251)
at org.testng.remote.RemoteTestNG.main(RemoteTestNG.java:77)
]]>
    </error>
  </testcase> <!-- InitialSetUp -->
  <system-out/>
  <testcase classname="Test_Scenarios.Test_ProductosPorPrecio_Escenario1" name="testEscenario1" time="0.000">
    <skipped/>
  </testcase> <!-- testEscenario1 -->
  <system-out/>
</testsuite> <!-- Test_Scenarios.Test_ProductosPorPrecio_Escenario1 -->
